<?xml version="1.0" encoding="UTF-8"?>
<testsuites>
  <testsuite name="CodeIgniter Application Test Suite" tests="2" assertions="2" failures="0" errors="0" time="0.009943">
    <testsuite name="Account_test" file="C:\wamp\www\bankacc\application\tests\controllers\Account_test.php" tests="2" assertions="2" failures="0" errors="0" time="0.009943">
      <testcase name="test_balance" class="Account_test" file="C:\wamp\www\bankacc\application\tests\controllers\Account_test.php" line="11" assertions="1" time="0.005678"/>
      <testcase name="test_method_404" class="Account_test" file="C:\wamp\www\bankacc\application\tests\controllers\Account_test.php" line="17" assertions="1" time="0.004265"/>
    </testsuite>
  </testsuite>
</testsuites>
